<?xml version="1.0" encoding="UTF-8"?>
<testsuite xmlns:xsi="http://www.w3.org/2001/XMLSchema-instance" xsi:noNamespaceSchemaLocation="https://maven.apache.org/surefire/maven-surefire-plugin/xsd/surefire-test-report.xsd" name="com.bookstore.service.BookServiceTest" time="0.624" tests="3" errors="0" skipped="0" failures="0">
  <properties>
[...]
</properties>
  <testcase name="testSearchBooks" classname="com.bookstore.service.BookServiceTest" time="0.023"/>
  <testcase name="testGetBookById" classname="com.bookstore.service.BookServiceTest" time="0.009"/>
  <testcase name="testCreateBook" classname="com.bookstore.service.BookServiceTest" time="0.004"/>
</testsuite>